# JRE version: OpenJDK Runtime Environment Temurin-17.0.9+9 (17.0.9+9) (build 17.0.9+9)
# Java VM: OpenJDK 64-Bit Server VM Temurin-17.0.9+9 (17.0.9+9, mixed mode, tiered, compressed oops, compressed class ptrs, g1 gc, bsd-amd64)
GC Precious Log:
 CPUs: 10 total, 10 available
 Memory: 16384M
 Large Page Support: Disabled
 NUMA Support: Disabled
 Compressed Oops: Enabled (Zero based)
 Heap Region Size: 2M
 Heap Min Capacity: 8M
 Heap Initial Capacity: 256M
 Heap Max Capacity: 4G
 Pre-touch: Disabled
 Parallel Workers: 9
 Concurrent Workers: 2
 Concurrent Refinement Workers: 9
 Periodic GC: Disabled
Heap:
 garbage-first heap   total 28672K, used 8472K [0x0000000700000000, 0x0000000800000000)
  region size 2048K, 2 young (4096K), 1 survivors (2048K)
 Metaspace       used 25319K, committed 25536K, reserved 1114112K
  class space    used 2535K, committed 2624K, reserved 1048576K
GC Heap History (10 events):
Event: 2.375 GC heap before
{Heap before GC invocations=0 (full 0):
 garbage-first heap   total 262144K, used 14336K [0x0000000700000000, 0x0000000800000000)
  region size 2048K, 7 young (14336K), 0 survivors (0K)
 Metaspace       used 18513K, committed 18688K, reserved 1114112K
  class space    used 2019K, committed 2112K, reserved 1048576K
}
Event: 2.392 GC heap after
{Heap after GC invocations=1 (full 1):
 garbage-first heap   total 49152K, used 6101K [0x0000000700000000, 0x0000000800000000)
  region size 2048K, 0 young (0K), 0 survivors (0K)
 Metaspace       used 18511K, committed 18688K, reserved 1114112K
  class space    used 2018K, committed 2112K, reserved 1048576K
}
Event: 2.394 GC heap before
{Heap before GC invocations=1 (full 1):
 garbage-first heap   total 49152K, used 6101K [0x0000000700000000, 0x0000000800000000)
  region size 2048K, 1 young (2048K), 0 survivors (0K)
 Metaspace       used 18511K, committed 18688K, reserved 1114112K
  class space    used 2018K, committed 2112K, reserved 1048576K
}
Event: 2.399 GC heap after
{Heap after GC invocations=2 (full 2):
 garbage-first heap   total 28672K, used 6101K [0x0000000700000000, 0x0000000800000000)
  region size 2048K, 0 young (0K), 0 survivors (0K)
 Metaspace       used 18511K, committed 18688K, reserved 1114112K
  class space    used 2018K, committed 2112K, reserved 1048576K
}
Event: 2.707 GC heap before
{Heap before GC invocations=2 (full 2):
 garbage-first heap   total 28672K, used 10197K [0x0000000700000000, 0x0000000800000000)
  region size 2048K, 3 young (6144K), 0 survivors (0K)
 Metaspace       used 21880K, committed 22080K, reserved 1114112K
  class space    used 2261K, committed 2368K, reserved 1048576K
}
Event: 2.711 GC heap after
{Heap after GC invocations=3 (full 2):
 garbage-first heap   total 28672K, used 7972K [0x0000000700000000, 0x0000000800000000)
  region size 2048K, 1 young (2048K), 1 survivors (2048K)
 Metaspace       used 21880K, committed 22080K, reserved 1114112K
  class space    used 2261K, committed 2368K, reserved 1048576K
}
Event: 2.912 GC heap before
{Heap before GC invocations=3 (full 2):
 garbage-first heap   total 28672K, used 12068K [0x0000000700000000, 0x0000000800000000)
  region size 2048K, 3 young (6144K), 1 survivors (2048K)
 Metaspace       used 23477K, committed 23680K, reserved 1114112K
  class space    used 2400K, committed 2496K, reserved 1048576K
}
Event: 2.919 GC heap after
{Heap after GC invocations=4 (full 2):
 garbage-first heap   total 28672K, used 8283K [0x0000000700000000, 0x0000000800000000)
  region size 2048K, 1 young (2048K), 1 survivors (2048K)
 Metaspace       used 23477K, committed 23680K, reserved 1114112K
  class space    used 2400K, committed 2496K, reserved 1048576K
}
Event: 3.037 GC heap before
{Heap before GC invocations=4 (full 2):
 garbage-first heap   total 28672K, used 12379K [0x0000000700000000, 0x0000000800000000)
  region size 2048K, 3 young (6144K), 1 survivors (2048K)
 Metaspace       used 24695K, committed 24896K, reserved 1114112K
  class space    used 2522K, committed 2624K, reserved 1048576K
}
Event: 3.038 GC heap after
{Heap after GC invocations=5 (full 2):
 garbage-first heap   total 28672K, used 8472K [0x0000000700000000, 0x0000000800000000)
  region size 2048K, 1 young (2048K), 1 survivors (2048K)
 Metaspace       used 24695K, committed 24896K, reserved 1114112K
  class space    used 2522K, committed 2624K, reserved 1048576K
}

