# JRE version: OpenJDK Runtime Environment Temurin-17.0.9+9 (17.0.9+9) (build 17.0.9+9)
# Java VM: OpenJDK 64-Bit Server VM Temurin-17.0.9+9 (17.0.9+9, mixed mode, tiered, compressed oops, compressed class ptrs, g1 gc, bsd-amd64)
GC Precious Log:
 CPUs: 10 total, 10 available
 Memory: 16384M
 Large Page Support: Disabled
 NUMA Support: Disabled
 Compressed Oops: Enabled (Zero based)
 Heap Region Size: 2M
 Heap Min Capacity: 8M
 Heap Initial Capacity: 256M
 Heap Max Capacity: 4G
 Pre-touch: Disabled
 Parallel Workers: 9
 Concurrent Workers: 2
 Concurrent Refinement Workers: 9
 Periodic GC: Disabled
Heap:
 garbage-first heap   total 141312K, used 13875K [0x0000000700000000, 0x0000000800000000)
  region size 2048K, 5 young (10240K), 1 survivors (2048K)
 Metaspace       used 25366K, committed 25536K, reserved 1114112K
  class space    used 2539K, committed 2624K, reserved 1048576K
GC Heap History (12 events):
Event: 1.936 GC heap before
{Heap before GC invocations=0 (full 0):
 garbage-first heap   total 262144K, used 14336K [0x0000000700000000, 0x0000000800000000)
  region size 2048K, 7 young (14336K), 0 survivors (0K)
 Metaspace       used 18448K, committed 18624K, reserved 1114112K
  class space    used 2019K, committed 2112K, reserved 1048576K
}
Event: 1.956 GC heap after
{Heap after GC invocations=1 (full 1):
 garbage-first heap   total 49152K, used 5676K [0x0000000700000000, 0x0000000800000000)
  region size 2048K, 0 young (0K), 0 survivors (0K)
 Metaspace       used 18446K, committed 18624K, reserved 1114112K
  class space    used 2019K, committed 2112K, reserved 1048576K
}
Event: 1.957 GC heap before
{Heap before GC invocations=1 (full 1):
 garbage-first heap   total 49152K, used 5676K [0x0000000700000000, 0x0000000800000000)
  region size 2048K, 1 young (2048K), 0 survivors (0K)
 Metaspace       used 18446K, committed 18624K, reserved 1114112K
  class space    used 2019K, committed 2112K, reserved 1048576K
}
Event: 1.962 GC heap after
{Heap after GC invocations=2 (full 2):
 garbage-first heap   total 20480K, used 5676K [0x0000000700000000, 0x0000000800000000)
  region size 2048K, 0 young (0K), 0 survivors (0K)
 Metaspace       used 18446K, committed 18624K, reserved 1114112K
  class space    used 2019K, committed 2112K, reserved 1048576K
}
Event: 2.183 GC heap before
{Heap before GC invocations=2 (full 2):
 garbage-first heap   total 20480K, used 9772K [0x0000000700000000, 0x0000000800000000)
  region size 2048K, 2 young (4096K), 0 survivors (0K)
 Metaspace       used 20776K, committed 20992K, reserved 1114112K
  class space    used 2233K, committed 2304K, reserved 1048576K
}
Event: 2.185 GC heap after
{Heap after GC invocations=3 (full 2):
 garbage-first heap   total 20480K, used 7295K [0x0000000700000000, 0x0000000800000000)
  region size 2048K, 1 young (2048K), 1 survivors (2048K)
 Metaspace       used 20776K, committed 20992K, reserved 1114112K
  class space    used 2233K, committed 2304K, reserved 1048576K
}
Event: 2.278 GC heap before
{Heap before GC invocations=3 (full 2):
 garbage-first heap   total 20480K, used 7295K [0x0000000700000000, 0x0000000800000000)
  region size 2048K, 2 young (4096K), 1 survivors (2048K)
 Metaspace       used 21876K, committed 22144K, reserved 1114112K
  class space    used 2264K, committed 2368K, reserved 1048576K
}
Event: 2.281 GC heap after
{Heap after GC invocations=4 (full 2):
 garbage-first heap   total 20480K, used 7505K [0x0000000700000000, 0x0000000800000000)
  region size 2048K, 1 young (2048K), 1 survivors (2048K)
 Metaspace       used 21876K, committed 22144K, reserved 1114112K
  class space    used 2264K, committed 2368K, reserved 1048576K
}
Event: 2.345 GC heap before
{Heap before GC invocations=4 (full 2):
 garbage-first heap   total 20480K, used 9553K [0x0000000700000000, 0x0000000800000000)
  region size 2048K, 2 young (4096K), 1 survivors (2048K)
 Metaspace       used 22710K, committed 22976K, reserved 1114112K
  class space    used 2342K, committed 2496K, reserved 1048576K
}
Event: 2.346 GC heap after
{Heap after GC invocations=5 (full 2):
 garbage-first heap   total 20480K, used 7515K [0x0000000700000000, 0x0000000800000000)
  region size 2048K, 1 young (2048K), 1 survivors (2048K)
 Metaspace       used 22710K, committed 22976K, reserved 1114112K
  class space    used 2342K, committed 2496K, reserved 1048576K
}
Event: 2.490 GC heap before
{Heap before GC invocations=5 (full 2):
 garbage-first heap   total 20480K, used 9563K [0x0000000700000000, 0x0000000800000000)
  region size 2048K, 2 young (4096K), 1 survivors (2048K)
 Metaspace       used 23392K, committed 23616K, reserved 1114112K
  class space    used 2400K, committed 2496K, reserved 1048576K
}
Event: 2.492 GC heap after
{Heap after GC invocations=6 (full 2):
 garbage-first heap   total 141312K, used 7731K [0x0000000700000000, 0x0000000800000000)
  region size 2048K, 1 young (2048K), 1 survivors (2048K)
 Metaspace       used 23392K, committed 23616K, reserved 1114112K
  class space    used 2400K, committed 2496K, reserved 1048576K
}

