# JRE version: OpenJDK Runtime Environment Temurin-17.0.9+9 (17.0.9+9) (build 17.0.9+9)
# Java VM: OpenJDK 64-Bit Server VM Temurin-17.0.9+9 (17.0.9+9, mixed mode, tiered, compressed oops, compressed class ptrs, g1 gc, bsd-amd64)
GC Precious Log:
 CPUs: 10 total, 10 available
 Memory: 16384M
 Large Page Support: Disabled
 NUMA Support: Disabled
 Compressed Oops: Enabled (Zero based)
 Heap Region Size: 2M
 Heap Min Capacity: 8M
 Heap Initial Capacity: 256M
 Heap Max Capacity: 4G
 Pre-touch: Disabled
 Parallel Workers: 9
 Concurrent Workers: 2
 Concurrent Refinement Workers: 9
 Periodic GC: Disabled
Heap:
 garbage-first heap   total 28672K, used 9574K [0x0000000700000000, 0x0000000800000000)
  region size 2048K, 1 young (2048K), 0 survivors (0K)
 Metaspace       used 24798K, committed 25024K, reserved 1114112K
  class space    used 2511K, committed 2624K, reserved 1048576K
GC Heap History (14 events):
Event: 2.752 GC heap before
{Heap before GC invocations=0 (full 0):
 garbage-first heap   total 262144K, used 16384K [0x0000000700000000, 0x0000000800000000)
  region size 2048K, 8 young (16384K), 0 survivors (0K)
 Metaspace       used 18524K, committed 18688K, reserved 1114112K
  class space    used 2012K, committed 2112K, reserved 1048576K
}
Event: 2.772 GC heap after
{Heap after GC invocations=1 (full 1):
 garbage-first heap   total 49152K, used 6391K [0x0000000700000000, 0x0000000800000000)
  region size 2048K, 0 young (0K), 0 survivors (0K)
 Metaspace       used 18522K, committed 18688K, reserved 1114112K
  class space    used 2012K, committed 2112K, reserved 1048576K
}
Event: 2.774 GC heap before
{Heap before GC invocations=1 (full 1):
 garbage-first heap   total 49152K, used 6391K [0x0000000700000000, 0x0000000800000000)
  region size 2048K, 1 young (2048K), 0 survivors (0K)
 Metaspace       used 18522K, committed 18688K, reserved 1114112K
  class space    used 2012K, committed 2112K, reserved 1048576K
}
Event: 2.780 GC heap after
{Heap after GC invocations=2 (full 2):
 garbage-first heap   total 28672K, used 6392K [0x0000000700000000, 0x0000000800000000)
  region size 2048K, 0 young (0K), 0 survivors (0K)
 Metaspace       used 18522K, committed 18688K, reserved 1114112K
  class space    used 2012K, committed 2112K, reserved 1048576K
}
Event: 3.085 GC heap before
{Heap before GC invocations=2 (full 2):
 garbage-first heap   total 28672K, used 10488K [0x0000000700000000, 0x0000000800000000)
  region size 2048K, 3 young (6144K), 0 survivors (0K)
 Metaspace       used 21911K, committed 22144K, reserved 1114112K
  class space    used 2258K, committed 2368K, reserved 1048576K
}
Event: 3.090 GC heap after
{Heap after GC invocations=3 (full 2):
 garbage-first heap   total 28672K, used 8319K [0x0000000700000000, 0x0000000800000000)
  region size 2048K, 1 young (2048K), 1 survivors (2048K)
 Metaspace       used 21911K, committed 22144K, reserved 1114112K
  class space    used 2258K, committed 2368K, reserved 1048576K
}
Event: 3.316 GC heap before
{Heap before GC invocations=3 (full 2):
 garbage-first heap   total 28672K, used 12415K [0x0000000700000000, 0x0000000800000000)
  region size 2048K, 3 young (6144K), 1 survivors (2048K)
 Metaspace       used 23500K, committed 23744K, reserved 1114112K
  class space    used 2397K, committed 2496K, reserved 1048576K
}
Event: 3.320 GC heap after
{Heap after GC invocations=4 (full 2):
 garbage-first heap   total 28672K, used 8613K [0x0000000700000000, 0x0000000800000000)
  region size 2048K, 1 young (2048K), 1 survivors (2048K)
 Metaspace       used 23500K, committed 23744K, reserved 1114112K
  class space    used 2397K, committed 2496K, reserved 1048576K
}
Event: 4.169 GC heap before
{Heap before GC invocations=4 (full 2):
 garbage-first heap   total 28672K, used 10661K [0x0000000700000000, 0x0000000800000000)
  region size 2048K, 3 young (6144K), 1 survivors (2048K)
 Metaspace       used 24696K, committed 24960K, reserved 1114112K
  class space    used 2510K, committed 2624K, reserved 1048576K
}
Event: 4.172 GC heap after
{Heap after GC invocations=5 (full 2):
 garbage-first heap   total 28672K, used 9304K [0x0000000700000000, 0x0000000800000000)
  region size 2048K, 1 young (2048K), 1 survivors (2048K)
 Metaspace       used 24696K, committed 24960K, reserved 1114112K
  class space    used 2510K, committed 2624K, reserved 1048576K
}
Event: 4.783 GC heap before
{Heap before GC invocations=5 (full 2):
 garbage-first heap   total 28672K, used 9304K [0x0000000700000000, 0x0000000800000000)
  region size 2048K, 2 young (4096K), 1 survivors (2048K)
 Metaspace       used 24790K, committed 25024K, reserved 1114112K
  class space    used 2510K, committed 2624K, reserved 1048576K
}
Event: 4.818 GC heap after
{Heap after GC invocations=6 (full 3):
 garbage-first heap   total 28672K, used 9574K [0x0000000700000000, 0x0000000800000000)
  region size 2048K, 0 young (0K), 0 survivors (0K)
 Metaspace       used 24790K, committed 25024K, reserved 1114112K
  class space    used 2510K, committed 2624K, reserved 1048576K
}
Event: 4.819 GC heap before
{Heap before GC invocations=6 (full 3):
 garbage-first heap   total 28672K, used 9574K [0x0000000700000000, 0x0000000800000000)
  region size 2048K, 0 young (0K), 0 survivors (0K)
 Metaspace       used 24790K, committed 25024K, reserved 1114112K
  class space    used 2510K, committed 2624K, reserved 1048576K
}
Event: 4.830 GC heap after
{Heap after GC invocations=7 (full 4):
 garbage-first heap   total 28672K, used 9574K [0x0000000700000000, 0x0000000800000000)
  region size 2048K, 0 young (0K), 0 survivors (0K)
 Metaspace       used 24790K, committed 25024K, reserved 1114112K
  class space    used 2510K, committed 2624K, reserved 1048576K
}

