# JRE version: OpenJDK Runtime Environment Temurin-17.0.9+9 (17.0.9+9) (build 17.0.9+9)
# Java VM: OpenJDK 64-Bit Server VM Temurin-17.0.9+9 (17.0.9+9, mixed mode, tiered, compressed oops, compressed class ptrs, g1 gc, bsd-amd64)
GC Precious Log:
 CPUs: 10 total, 10 available
 Memory: 16384M
 Large Page Support: Disabled
 NUMA Support: Disabled
 Compressed Oops: Enabled (Zero based)
 Heap Region Size: 2M
 Heap Min Capacity: 8M
 Heap Initial Capacity: 256M
 Heap Max Capacity: 4G
 Pre-touch: Disabled
 Parallel Workers: 9
 Concurrent Workers: 2
 Concurrent Refinement Workers: 9
 Periodic GC: Disabled
Heap:
 garbage-first heap   total 28672K, used 11130K [0x0000000700000000, 0x0000000800000000)
  region size 2048K, 3 young (6144K), 1 survivors (2048K)
 Metaspace       used 24625K, committed 24832K, reserved 1114112K
  class space    used 2508K, committed 2624K, reserved 1048576K
GC Heap History (8 events):
Event: 3.202 GC heap before
{Heap before GC invocations=0 (full 0):
 garbage-first heap   total 262144K, used 16384K [0x0000000700000000, 0x0000000800000000)
  region size 2048K, 8 young (16384K), 0 survivors (0K)
 Metaspace       used 18538K, committed 18688K, reserved 1114112K
  class space    used 2016K, committed 2112K, reserved 1048576K
}
Event: 3.221 GC heap after
{Heap after GC invocations=1 (full 1):
 garbage-first heap   total 49152K, used 6861K [0x0000000700000000, 0x0000000800000000)
  region size 2048K, 0 young (0K), 0 survivors (0K)
 Metaspace       used 18536K, committed 18688K, reserved 1114112K
  class space    used 2015K, committed 2112K, reserved 1048576K
}
Event: 3.223 GC heap before
{Heap before GC invocations=1 (full 1):
 garbage-first heap   total 49152K, used 6861K [0x0000000700000000, 0x0000000800000000)
  region size 2048K, 1 young (2048K), 0 survivors (0K)
 Metaspace       used 18536K, committed 18688K, reserved 1114112K
  class space    used 2015K, committed 2112K, reserved 1048576K
}
Event: 3.228 GC heap after
{Heap after GC invocations=2 (full 2):
 garbage-first heap   total 28672K, used 6861K [0x0000000700000000, 0x0000000800000000)
  region size 2048K, 0 young (0K), 0 survivors (0K)
 Metaspace       used 18536K, committed 18688K, reserved 1114112K
  class space    used 2015K, committed 2112K, reserved 1048576K
}
Event: 3.536 GC heap before
{Heap before GC invocations=2 (full 2):
 garbage-first heap   total 28672K, used 10957K [0x0000000700000000, 0x0000000800000000)
  region size 2048K, 3 young (6144K), 0 survivors (0K)
 Metaspace       used 21897K, committed 22144K, reserved 1114112K
  class space    used 2258K, committed 2368K, reserved 1048576K
}
Event: 3.539 GC heap after
{Heap after GC invocations=3 (full 2):
 garbage-first heap   total 28672K, used 8741K [0x0000000700000000, 0x0000000800000000)
  region size 2048K, 1 young (2048K), 1 survivors (2048K)
 Metaspace       used 21897K, committed 22144K, reserved 1114112K
  class space    used 2258K, committed 2368K, reserved 1048576K
}
Event: 3.798 GC heap before
{Heap before GC invocations=3 (full 2):
 garbage-first heap   total 28672K, used 12837K [0x0000000700000000, 0x0000000800000000)
  region size 2048K, 3 young (6144K), 1 survivors (2048K)
 Metaspace       used 23493K, committed 23680K, reserved 1114112K
  class space    used 2397K, committed 2496K, reserved 1048576K
}
Event: 3.804 GC heap after
{Heap after GC invocations=4 (full 2):
 garbage-first heap   total 28672K, used 9082K [0x0000000700000000, 0x0000000800000000)
  region size 2048K, 1 young (2048K), 1 survivors (2048K)
 Metaspace       used 23493K, committed 23680K, reserved 1114112K
  class space    used 2397K, committed 2496K, reserved 1048576K
}

