# JRE version: OpenJDK Runtime Environment Temurin-17.0.9+9 (17.0.9+9) (build 17.0.9+9)
# Java VM: OpenJDK 64-Bit Server VM Temurin-17.0.9+9 (17.0.9+9, mixed mode, tiered, compressed oops, compressed class ptrs, g1 gc, bsd-amd64)
GC Precious Log:
 CPUs: 8 total, 8 available
 Memory: 8192M
 Large Page Support: Disabled
 NUMA Support: Disabled
 Compressed Oops: Enabled (Zero based)
 Heap Region Size: 1M
 Heap Min Capacity: 8M
 Heap Initial Capacity: 128M
 Heap Max Capacity: 2G
 Pre-touch: Disabled
 Parallel Workers: 8
 Concurrent Workers: 2
 Concurrent Refinement Workers: 8
 Periodic GC: Disabled
Heap:
 garbage-first heap   total 468992K, used 215422K [0x0000000780000000, 0x0000000800000000)
  region size 1024K, 10 young (10240K), 4 survivors (4096K)
 Metaspace       used 29497K, committed 29824K, reserved 1114112K
  class space    used 2854K, committed 3008K, reserved 1048576K
GC Heap History (20 events):
Event: 10.683 GC heap before
{Heap before GC invocations=38 (full 2):
 garbage-first heap   total 225280K, used 107316K [0x0000000780000000, 0x0000000800000000)
  region size 1024K, 4 young (4096K), 2 survivors (2048K)
 Metaspace       used 27737K, committed 27968K, reserved 1114112K
  class space    used 2795K, committed 2944K, reserved 1048576K
}
Event: 10.684 GC heap after
{Heap after GC invocations=39 (full 2):
 garbage-first heap   total 225280K, used 104301K [0x0000000780000000, 0x0000000800000000)
  region size 1024K, 2 young (2048K), 2 survivors (2048K)
 Metaspace       used 27737K, committed 27968K, reserved 1114112K
  class space    used 2795K, committed 2944K, reserved 1048576K
}
Event: 29.984 GC heap before
{Heap before GC invocations=40 (full 2):
 garbage-first heap   total 225280K, used 182125K [0x0000000780000000, 0x0000000800000000)
  region size 1024K, 79 young (80896K), 2 survivors (2048K)
 Metaspace       used 29418K, committed 29696K, reserved 1114112K
  class space    used 2852K, committed 3008K, reserved 1048576K
}
Event: 29.993 GC heap after
{Heap after GC invocations=41 (full 2):
 garbage-first heap   total 225280K, used 106079K [0x0000000780000000, 0x0000000800000000)
  region size 1024K, 4 young (4096K), 4 survivors (4096K)
 Metaspace       used 29418K, committed 29696K, reserved 1114112K
  class space    used 2852K, committed 3008K, reserved 1048576K
}
Event: 30.068 GC heap before
{Heap before GC invocations=42 (full 2):
 garbage-first heap   total 225280K, used 123487K [0x0000000780000000, 0x0000000800000000)
  region size 1024K, 16 young (16384K), 4 survivors (4096K)
 Metaspace       used 29443K, committed 29696K, reserved 1114112K
  class space    used 2852K, committed 3008K, reserved 1048576K
}
Event: 30.073 GC heap after
{Heap after GC invocations=43 (full 2):
 garbage-first heap   total 225280K, used 112625K [0x0000000780000000, 0x0000000800000000)
  region size 1024K, 7 young (7168K), 7 survivors (7168K)
 Metaspace       used 29443K, committed 29696K, reserved 1114112K
  class space    used 2852K, committed 3008K, reserved 1048576K
}
Event: 30.107 GC heap before
{Heap before GC invocations=44 (full 2):
 garbage-first heap   total 225280K, used 134129K [0x0000000780000000, 0x0000000800000000)
  region size 1024K, 17 young (17408K), 7 survivors (7168K)
 Metaspace       used 29444K, committed 29696K, reserved 1114112K
  class space    used 2852K, committed 3008K, reserved 1048576K
}
Event: 30.114 GC heap after
{Heap after GC invocations=45 (full 2):
 garbage-first heap   total 225280K, used 119053K [0x0000000780000000, 0x0000000800000000)
  region size 1024K, 7 young (7168K), 7 survivors (7168K)
 Metaspace       used 29444K, committed 29696K, reserved 1114112K
  class space    used 2852K, committed 3008K, reserved 1048576K
}
Event: 30.137 GC heap before
{Heap before GC invocations=46 (full 2):
 garbage-first heap   total 225280K, used 124173K [0x0000000780000000, 0x0000000800000000)
  region size 1024K, 13 young (13312K), 7 survivors (7168K)
 Metaspace       used 29452K, committed 29696K, reserved 1114112K
  class space    used 2853K, committed 3008K, reserved 1048576K
}
Event: 30.139 GC heap after
{Heap after GC invocations=47 (full 2):
 garbage-first heap   total 225280K, used 120267K [0x0000000780000000, 0x0000000800000000)
  region size 1024K, 5 young (5120K), 5 survivors (5120K)
 Metaspace       used 29452K, committed 29696K, reserved 1114112K
  class space    used 2853K, committed 3008K, reserved 1048576K
}
Event: 30.166 GC heap before
{Heap before GC invocations=48 (full 2):
 garbage-first heap   total 225280K, used 131531K [0x0000000780000000, 0x0000000800000000)
  region size 1024K, 6 young (6144K), 5 survivors (5120K)
 Metaspace       used 29452K, committed 29696K, reserved 1114112K
  class space    used 2853K, committed 3008K, reserved 1048576K
}
Event: 30.168 GC heap after
{Heap after GC invocations=49 (full 2):
 garbage-first heap   total 225280K, used 125085K [0x0000000780000000, 0x0000000800000000)
  region size 1024K, 2 young (2048K), 2 survivors (2048K)
 Metaspace       used 29452K, committed 29696K, reserved 1114112K
  class space    used 2853K, committed 3008K, reserved 1048576K
}
Event: 30.193 GC heap before
{Heap before GC invocations=50 (full 2):
 garbage-first heap   total 225280K, used 135325K [0x0000000780000000, 0x0000000800000000)
  region size 1024K, 3 young (3072K), 2 survivors (2048K)
 Metaspace       used 29452K, committed 29696K, reserved 1114112K
  class space    used 2853K, committed 3008K, reserved 1048576K
}
Event: 30.194 GC heap after
{Heap after GC invocations=51 (full 2):
 garbage-first heap   total 225280K, used 127034K [0x0000000780000000, 0x0000000800000000)
  region size 1024K, 2 young (2048K), 2 survivors (2048K)
 Metaspace       used 29452K, committed 29696K, reserved 1114112K
  class space    used 2853K, committed 3008K, reserved 1048576K
}
Event: 30.217 GC heap before
{Heap before GC invocations=52 (full 2):
 garbage-first heap   total 232448K, used 139322K [0x0000000780000000, 0x0000000800000000)
  region size 1024K, 3 young (3072K), 2 survivors (2048K)
 Metaspace       used 29452K, committed 29696K, reserved 1114112K
  class space    used 2853K, committed 3008K, reserved 1048576K
}
Event: 30.219 GC heap after
{Heap after GC invocations=53 (full 2):
 garbage-first heap   total 232448K, used 130106K [0x0000000780000000, 0x0000000800000000)
  region size 1024K, 2 young (2048K), 2 survivors (2048K)
 Metaspace       used 29452K, committed 29696K, reserved 1114112K
  class space    used 2853K, committed 3008K, reserved 1048576K
}
Event: 30.243 GC heap before
{Heap before GC invocations=54 (full 2):
 garbage-first heap   total 234496K, used 142394K [0x0000000780000000, 0x0000000800000000)
  region size 1024K, 3 young (3072K), 2 survivors (2048K)
 Metaspace       used 29453K, committed 29696K, reserved 1114112K
  class space    used 2853K, committed 3008K, reserved 1048576K
}
Event: 30.246 GC heap after
{Heap after GC invocations=55 (full 2):
 garbage-first heap   total 468992K, used 132432K [0x0000000780000000, 0x0000000800000000)
  region size 1024K, 2 young (2048K), 2 survivors (2048K)
 Metaspace       used 29453K, committed 29696K, reserved 1114112K
  class space    used 2853K, committed 3008K, reserved 1048576K
}
Event: 30.427 GC heap before
{Heap before GC invocations=55 (full 2):
 garbage-first heap   total 468992K, used 212304K [0x0000000780000000, 0x0000000800000000)
  region size 1024K, 19 young (19456K), 2 survivors (2048K)
 Metaspace       used 29478K, committed 29760K, reserved 1114112K
  class space    used 2853K, committed 3008K, reserved 1048576K
}
Event: 30.429 GC heap after
{Heap after GC invocations=56 (full 2):
 garbage-first heap   total 468992K, used 156030K [0x0000000780000000, 0x0000000800000000)
  region size 1024K, 4 young (4096K), 4 survivors (4096K)
 Metaspace       used 29478K, committed 29760K, reserved 1114112K
  class space    used 2853K, committed 3008K, reserved 1048576K
}

