# JRE version: OpenJDK Runtime Environment Temurin-17.0.9+9 (17.0.9+9) (build 17.0.9+9)
# Java VM: OpenJDK 64-Bit Server VM Temurin-17.0.9+9 (17.0.9+9, mixed mode, tiered, compressed oops, compressed class ptrs, g1 gc, bsd-amd64)
GC Precious Log:
 CPUs: 10 total, 10 available
 Memory: 16384M
 Large Page Support: Disabled
 NUMA Support: Disabled
 Compressed Oops: Enabled (Zero based)
 Heap Region Size: 2M
 Heap Min Capacity: 8M
 Heap Initial Capacity: 256M
 Heap Max Capacity: 4G
 Pre-touch: Disabled
 Parallel Workers: 9
 Concurrent Workers: 2
 Concurrent Refinement Workers: 9
 Periodic GC: Disabled
Heap:
 garbage-first heap   total 145408K, used 58450K [0x0000000700000000, 0x0000000800000000)
  region size 2048K, 7 young (14336K), 1 survivors (2048K)
 Metaspace       used 25733K, committed 25984K, reserved 1114112K
  class space    used 2588K, committed 2688K, reserved 1048576K
GC Heap History (19 events):
Event: 2.365 GC heap before
{Heap before GC invocations=0 (full 0):
 garbage-first heap   total 262144K, used 14336K [0x0000000700000000, 0x0000000800000000)
  region size 2048K, 7 young (14336K), 0 survivors (0K)
 Metaspace       used 18488K, committed 18688K, reserved 1114112K
  class space    used 2018K, committed 2112K, reserved 1048576K
}
Event: 2.383 GC heap after
{Heap after GC invocations=1 (full 1):
 garbage-first heap   total 49152K, used 6063K [0x0000000700000000, 0x0000000800000000)
  region size 2048K, 0 young (0K), 0 survivors (0K)
 Metaspace       used 18486K, committed 18688K, reserved 1114112K
  class space    used 2018K, committed 2112K, reserved 1048576K
}
Event: 2.385 GC heap before
{Heap before GC invocations=1 (full 1):
 garbage-first heap   total 49152K, used 6063K [0x0000000700000000, 0x0000000800000000)
  region size 2048K, 1 young (2048K), 0 survivors (0K)
 Metaspace       used 18486K, committed 18688K, reserved 1114112K
  class space    used 2018K, committed 2112K, reserved 1048576K
}
Event: 2.391 GC heap after
{Heap after GC invocations=2 (full 2):
 garbage-first heap   total 28672K, used 6063K [0x0000000700000000, 0x0000000800000000)
  region size 2048K, 0 young (0K), 0 survivors (0K)
 Metaspace       used 18486K, committed 18688K, reserved 1114112K
  class space    used 2018K, committed 2112K, reserved 1048576K
}
Event: 2.711 GC heap before
{Heap before GC invocations=2 (full 2):
 garbage-first heap   total 28672K, used 10159K [0x0000000700000000, 0x0000000800000000)
  region size 2048K, 3 young (6144K), 0 survivors (0K)
 Metaspace       used 21536K, committed 21760K, reserved 1114112K
  class space    used 2242K, committed 2304K, reserved 1048576K
}
Event: 2.717 GC heap after
{Heap after GC invocations=3 (full 2):
 garbage-first heap   total 28672K, used 8140K [0x0000000700000000, 0x0000000800000000)
  region size 2048K, 1 young (2048K), 1 survivors (2048K)
 Metaspace       used 21536K, committed 21760K, reserved 1114112K
  class space    used 2242K, committed 2304K, reserved 1048576K
}
Event: 2.812 GC heap before
{Heap before GC invocations=3 (full 2):
 garbage-first heap   total 28672K, used 10188K [0x0000000700000000, 0x0000000800000000)
  region size 2048K, 2 young (4096K), 1 survivors (2048K)
 Metaspace       used 22452K, committed 22656K, reserved 1114112K
  class space    used 2304K, committed 2368K, reserved 1048576K
}
Event: 2.815 GC heap after
{Heap after GC invocations=4 (full 2):
 garbage-first heap   total 28672K, used 8497K [0x0000000700000000, 0x0000000800000000)
  region size 2048K, 1 young (2048K), 1 survivors (2048K)
 Metaspace       used 22452K, committed 22656K, reserved 1114112K
  class space    used 2304K, committed 2368K, reserved 1048576K
}
Event: 3.039 GC heap before
{Heap before GC invocations=4 (full 2):
 garbage-first heap   total 28672K, used 12593K [0x0000000700000000, 0x0000000800000000)
  region size 2048K, 3 young (6144K), 1 survivors (2048K)
 Metaspace       used 24214K, committed 24448K, reserved 1114112K
  class space    used 2469K, committed 2560K, reserved 1048576K
}
Event: 3.040 GC heap after
{Heap after GC invocations=5 (full 2):
 garbage-first heap   total 28672K, used 8723K [0x0000000700000000, 0x0000000800000000)
  region size 2048K, 1 young (2048K), 1 survivors (2048K)
 Metaspace       used 24214K, committed 24448K, reserved 1114112K
  class space    used 2469K, committed 2560K, reserved 1048576K
}
Event: 3.089 GC heap before
{Heap before GC invocations=5 (full 2):
 garbage-first heap   total 28672K, used 10771K [0x0000000700000000, 0x0000000800000000)
  region size 2048K, 3 young (6144K), 1 survivors (2048K)
 Metaspace       used 24614K, committed 24832K, reserved 1114112K
  class space    used 2510K, committed 2624K, reserved 1048576K
}
Event: 3.091 GC heap after
{Heap after GC invocations=6 (full 2):
 garbage-first heap   total 28672K, used 10877K [0x0000000700000000, 0x0000000800000000)
  region size 2048K, 1 young (2048K), 1 survivors (2048K)
 Metaspace       used 24614K, committed 24832K, reserved 1114112K
  class space    used 2510K, committed 2624K, reserved 1048576K
}
Event: 3.094 GC heap before
{Heap before GC invocations=6 (full 2):
 garbage-first heap   total 28672K, used 14973K [0x0000000700000000, 0x0000000800000000)
  region size 2048K, 1 young (2048K), 1 survivors (2048K)
 Metaspace       used 24614K, committed 24832K, reserved 1114112K
  class space    used 2510K, committed 2624K, reserved 1048576K
}
Event: 3.095 GC heap after
{Heap after GC invocations=7 (full 2):
 garbage-first heap   total 145408K, used 12951K [0x0000000700000000, 0x0000000800000000)
  region size 2048K, 1 young (2048K), 1 survivors (2048K)
 Metaspace       used 24614K, committed 24832K, reserved 1114112K
  class space    used 2510K, committed 2624K, reserved 1048576K
}
Event: 3.228 GC heap before
{Heap before GC invocations=7 (full 2):
 garbage-first heap   total 145408K, used 62103K [0x0000000700000000, 0x0000000800000000)
  region size 2048K, 4 young (8192K), 1 survivors (2048K)
 Metaspace       used 24996K, committed 25280K, reserved 1114112K
  class space    used 2538K, committed 2688K, reserved 1048576K
}
Event: 3.232 GC heap after
{Heap after GC invocations=8 (full 2):
 garbage-first heap   total 145408K, used 27637K [0x0000000700000000, 0x0000000800000000)
  region size 2048K, 1 young (2048K), 1 survivors (2048K)
 Metaspace       used 24996K, committed 25280K, reserved 1114112K
  class space    used 2538K, committed 2688K, reserved 1048576K
}
Event: 3.250 GC heap before
{Heap before GC invocations=8 (full 2):
 garbage-first heap   total 145408K, used 60405K [0x0000000700000000, 0x0000000800000000)
  region size 2048K, 2 young (4096K), 1 survivors (2048K)
 Metaspace       used 24997K, committed 25280K, reserved 1114112K
  class space    used 2538K, committed 2688K, reserved 1048576K
}
Event: 3.252 GC heap after
{Heap after GC invocations=9 (full 2):
 garbage-first heap   total 145408K, used 19536K [0x0000000700000000, 0x0000000800000000)
  region size 2048K, 1 young (2048K), 1 survivors (2048K)
 Metaspace       used 24997K, committed 25280K, reserved 1114112K
  class space    used 2538K, committed 2688K, reserved 1048576K
}
Event: 3.593 GC heap before
{Heap before GC invocations=9 (full 2):
 garbage-first heap   total 145408K, used 58448K [0x0000000700000000, 0x0000000800000000)
  region size 2048K, 7 young (14336K), 1 survivors (2048K)
 Metaspace       used 25733K, committed 25984K, reserved 1114112K
  class space    used 2588K, committed 2688K, reserved 1048576K
}

