# JRE version: OpenJDK Runtime Environment Temurin-17.0.9+9 (17.0.9+9) (build 17.0.9+9)
# Java VM: OpenJDK 64-Bit Server VM Temurin-17.0.9+9 (17.0.9+9, mixed mode, tiered, compressed oops, compressed class ptrs, g1 gc, bsd-amd64)
GC Precious Log:
 CPUs: 10 total, 10 available
 Memory: 16384M
 Large Page Support: Disabled
 NUMA Support: Disabled
 Compressed Oops: Enabled (Zero based)
 Heap Region Size: 2M
 Heap Min Capacity: 8M
 Heap Initial Capacity: 256M
 Heap Max Capacity: 4G
 Pre-touch: Disabled
 Parallel Workers: 9
 Concurrent Workers: 2
 Concurrent Refinement Workers: 9
 Periodic GC: Disabled
Heap:
 garbage-first heap   total 40960K, used 9670K [0x0000000700000000, 0x0000000800000000)
  region size 2048K, 1 young (2048K), 0 survivors (0K)
 Metaspace       used 25968K, committed 26176K, reserved 1114112K
  class space    used 2590K, committed 2688K, reserved 1048576K
GC Heap History (20 events):
Event: 2.323 GC heap before
{Heap before GC invocations=0 (full 0):
 garbage-first heap   total 262144K, used 14336K [0x0000000700000000, 0x0000000800000000)
  region size 2048K, 7 young (14336K), 0 survivors (0K)
 Metaspace       used 18441K, committed 18624K, reserved 1114112K
  class space    used 2016K, committed 2112K, reserved 1048576K
}
Event: 2.343 GC heap after
{Heap after GC invocations=1 (full 1):
 garbage-first heap   total 49152K, used 5985K [0x0000000700000000, 0x0000000800000000)
  region size 2048K, 0 young (0K), 0 survivors (0K)
 Metaspace       used 18439K, committed 18624K, reserved 1114112K
  class space    used 2015K, committed 2112K, reserved 1048576K
}
Event: 2.344 GC heap before
{Heap before GC invocations=1 (full 1):
 garbage-first heap   total 49152K, used 5985K [0x0000000700000000, 0x0000000800000000)
  region size 2048K, 1 young (2048K), 0 survivors (0K)
 Metaspace       used 18439K, committed 18624K, reserved 1114112K
  class space    used 2015K, committed 2112K, reserved 1048576K
}
Event: 2.349 GC heap after
{Heap after GC invocations=2 (full 2):
 garbage-first heap   total 28672K, used 5986K [0x0000000700000000, 0x0000000800000000)
  region size 2048K, 0 young (0K), 0 survivors (0K)
 Metaspace       used 18439K, committed 18624K, reserved 1114112K
  class space    used 2015K, committed 2112K, reserved 1048576K
}
Event: 2.690 GC heap before
{Heap before GC invocations=2 (full 2):
 garbage-first heap   total 28672K, used 12130K [0x0000000700000000, 0x0000000800000000)
  region size 2048K, 3 young (6144K), 0 survivors (0K)
 Metaspace       used 21650K, committed 21824K, reserved 1114112K
  class space    used 2243K, committed 2304K, reserved 1048576K
}
Event: 2.696 GC heap after
{Heap after GC invocations=3 (full 2):
 garbage-first heap   total 28672K, used 8043K [0x0000000700000000, 0x0000000800000000)
  region size 2048K, 1 young (2048K), 1 survivors (2048K)
 Metaspace       used 21650K, committed 21824K, reserved 1114112K
  class space    used 2243K, committed 2304K, reserved 1048576K
}
Event: 2.786 GC heap before
{Heap before GC invocations=3 (full 2):
 garbage-first heap   total 28672K, used 10091K [0x0000000700000000, 0x0000000800000000)
  region size 2048K, 2 young (4096K), 1 survivors (2048K)
 Metaspace       used 22506K, committed 22720K, reserved 1114112K
  class space    used 2308K, committed 2368K, reserved 1048576K
}
Event: 2.789 GC heap after
{Heap after GC invocations=4 (full 2):
 garbage-first heap   total 28672K, used 8402K [0x0000000700000000, 0x0000000800000000)
  region size 2048K, 1 young (2048K), 1 survivors (2048K)
 Metaspace       used 22506K, committed 22720K, reserved 1114112K
  class space    used 2308K, committed 2368K, reserved 1048576K
}
Event: 3.015 GC heap before
{Heap before GC invocations=4 (full 2):
 garbage-first heap   total 28672K, used 10450K [0x0000000700000000, 0x0000000800000000)
  region size 2048K, 3 young (6144K), 1 survivors (2048K)
 Metaspace       used 24295K, committed 24512K, reserved 1114112K
  class space    used 2474K, committed 2560K, reserved 1048576K
}
Event: 3.017 GC heap after
{Heap after GC invocations=5 (full 2):
 garbage-first heap   total 28672K, used 8691K [0x0000000700000000, 0x0000000800000000)
  region size 2048K, 1 young (2048K), 1 survivors (2048K)
 Metaspace       used 24295K, committed 24512K, reserved 1114112K
  class space    used 2474K, committed 2560K, reserved 1048576K
}
Event: 3.067 GC heap before
{Heap before GC invocations=5 (full 2):
 garbage-first heap   total 28672K, used 10739K [0x0000000700000000, 0x0000000800000000)
  region size 2048K, 3 young (6144K), 1 survivors (2048K)
 Metaspace       used 24671K, committed 24896K, reserved 1114112K
  class space    used 2510K, committed 2624K, reserved 1048576K
}
Event: 3.070 GC heap after
{Heap after GC invocations=6 (full 2):
 garbage-first heap   total 145408K, used 10801K [0x0000000700000000, 0x0000000800000000)
  region size 2048K, 1 young (2048K), 1 survivors (2048K)
 Metaspace       used 24671K, committed 24896K, reserved 1114112K
  class space    used 2510K, committed 2624K, reserved 1048576K
}
Event: 3.195 GC heap before
{Heap before GC invocations=6 (full 2):
 garbage-first heap   total 145408K, used 64049K [0x0000000700000000, 0x0000000800000000)
  region size 2048K, 4 young (8192K), 1 survivors (2048K)
 Metaspace       used 25036K, committed 25280K, reserved 1114112K
  class space    used 2539K, committed 2688K, reserved 1048576K
}
Event: 3.199 GC heap after
{Heap after GC invocations=7 (full 2):
 garbage-first heap   total 145408K, used 27578K [0x0000000700000000, 0x0000000800000000)
  region size 2048K, 1 young (2048K), 1 survivors (2048K)
 Metaspace       used 25036K, committed 25280K, reserved 1114112K
  class space    used 2539K, committed 2688K, reserved 1048576K
}
Event: 3.215 GC heap before
{Heap before GC invocations=7 (full 2):
 garbage-first heap   total 145408K, used 60346K [0x0000000700000000, 0x0000000800000000)
  region size 2048K, 2 young (4096K), 1 survivors (2048K)
 Metaspace       used 25036K, committed 25280K, reserved 1114112K
  class space    used 2539K, committed 2688K, reserved 1048576K
}
Event: 3.217 GC heap after
{Heap after GC invocations=8 (full 2):
 garbage-first heap   total 145408K, used 19416K [0x0000000700000000, 0x0000000800000000)
  region size 2048K, 1 young (2048K), 1 survivors (2048K)
 Metaspace       used 25036K, committed 25280K, reserved 1114112K
  class space    used 2539K, committed 2688K, reserved 1048576K
}
Event: 3.921 GC heap before
{Heap before GC invocations=8 (full 2):
 garbage-first heap   total 145408K, used 58328K [0x0000000700000000, 0x0000000800000000)
  region size 2048K, 7 young (14336K), 1 survivors (2048K)
 Metaspace       used 25968K, committed 26176K, reserved 1114112K
  class space    used 2590K, committed 2688K, reserved 1048576K
}
Event: 3.945 GC heap after
{Heap after GC invocations=9 (full 3):
 garbage-first heap   total 49152K, used 9670K [0x0000000700000000, 0x0000000800000000)
  region size 2048K, 0 young (0K), 0 survivors (0K)
 Metaspace       used 25968K, committed 26176K, reserved 1114112K
  class space    used 2590K, committed 2688K, reserved 1048576K
}
Event: 3.945 GC heap before
{Heap before GC invocations=9 (full 3):
 garbage-first heap   total 49152K, used 9670K [0x0000000700000000, 0x0000000800000000)
  region size 2048K, 1 young (2048K), 0 survivors (0K)
 Metaspace       used 25968K, committed 26176K, reserved 1114112K
  class space    used 2590K, committed 2688K, reserved 1048576K
}
Event: 3.956 GC heap after
{Heap after GC invocations=10 (full 4):
 garbage-first heap   total 40960K, used 9670K [0x0000000700000000, 0x0000000800000000)
  region size 2048K, 0 young (0K), 0 survivors (0K)
 Metaspace       used 25968K, committed 26176K, reserved 1114112K
  class space    used 2590K, committed 2688K, reserved 1048576K
}

