# JRE version: OpenJDK Runtime Environment Temurin-17.0.9+9 (17.0.9+9) (build 17.0.9+9)
# Java VM: OpenJDK 64-Bit Server VM Temurin-17.0.9+9 (17.0.9+9, mixed mode, tiered, compressed oops, compressed class ptrs, g1 gc, bsd-amd64)
GC Precious Log:
 CPUs: 8 total, 8 available
 Memory: 16384M
 Large Page Support: Disabled
 NUMA Support: Disabled
 Compressed Oops: Enabled (Zero based)
 Heap Region Size: 2M
 Heap Min Capacity: 8M
 Heap Initial Capacity: 256M
 Heap Max Capacity: 4G
 Pre-touch: Disabled
 Parallel Workers: 8
 Concurrent Workers: 2
 Concurrent Refinement Workers: 8
 Periodic GC: Disabled
Heap:
 garbage-first heap   total 149504K, used 76752K [0x0000000700000000, 0x0000000800000000)
  region size 2048K, 14 young (28672K), 1 survivors (2048K)
 Metaspace       used 26021K, committed 26304K, reserved 1114112K
  class space    used 2558K, committed 2688K, reserved 1048576K
GC Heap History (16 events):
Event: 5.237 GC heap before
{Heap before GC invocations=0 (full 0):
 garbage-first heap   total 262144K, used 16384K [0x0000000700000000, 0x0000000800000000)
  region size 2048K, 9 young (18432K), 0 survivors (0K)
 Metaspace       used 18371K, committed 18496K, reserved 1114112K
  class space    used 1984K, committed 2048K, reserved 1048576K
}
Event: 5.260 GC heap after
{Heap after GC invocations=1 (full 1):
 garbage-first heap   total 55296K, used 8505K [0x0000000700000000, 0x0000000800000000)
  region size 2048K, 0 young (0K), 0 survivors (0K)
 Metaspace       used 18371K, committed 18496K, reserved 1114112K
  class space    used 1984K, committed 2048K, reserved 1048576K
}
Event: 5.270 GC heap before
{Heap before GC invocations=1 (full 1):
 garbage-first heap   total 55296K, used 8505K [0x0000000700000000, 0x0000000800000000)
  region size 2048K, 1 young (2048K), 0 survivors (0K)
 Metaspace       used 18372K, committed 18496K, reserved 1114112K
  class space    used 1985K, committed 2048K, reserved 1048576K
}
Event: 5.277 GC heap after
{Heap after GC invocations=2 (full 2):
 garbage-first heap   total 34816K, used 8506K [0x0000000700000000, 0x0000000800000000)
  region size 2048K, 0 young (0K), 0 survivors (0K)
 Metaspace       used 18372K, committed 18496K, reserved 1114112K
  class space    used 1985K, committed 2048K, reserved 1048576K
}
Event: 5.697 GC heap before
{Heap before GC invocations=2 (full 2):
 garbage-first heap   total 34816K, used 14650K [0x0000000700000000, 0x0000000800000000)
  region size 2048K, 4 young (8192K), 0 survivors (0K)
 Metaspace       used 22509K, committed 22656K, reserved 1114112K
  class space    used 2293K, committed 2368K, reserved 1048576K
}
Event: 5.701 GC heap after
{Heap after GC invocations=3 (full 2):
 garbage-first heap   total 34816K, used 10412K [0x0000000700000000, 0x0000000800000000)
  region size 2048K, 1 young (2048K), 1 survivors (2048K)
 Metaspace       used 22509K, committed 22656K, reserved 1114112K
  class space    used 2293K, committed 2368K, reserved 1048576K
}
Event: 5.964 GC heap before
{Heap before GC invocations=3 (full 2):
 garbage-first heap   total 34816K, used 14508K [0x0000000700000000, 0x0000000800000000)
  region size 2048K, 4 young (8192K), 1 survivors (2048K)
 Metaspace       used 24428K, committed 24640K, reserved 1114112K
  class space    used 2476K, committed 2560K, reserved 1048576K
}
Event: 5.968 GC heap after
{Heap after GC invocations=4 (full 2):
 garbage-first heap   total 34816K, used 11166K [0x0000000700000000, 0x0000000800000000)
  region size 2048K, 1 young (2048K), 1 survivors (2048K)
 Metaspace       used 24428K, committed 24640K, reserved 1114112K
  class space    used 2476K, committed 2560K, reserved 1048576K
}
Event: 5.972 GC heap before
{Heap before GC invocations=4 (full 2):
 garbage-first heap   total 34816K, used 13214K [0x0000000700000000, 0x0000000800000000)
  region size 2048K, 2 young (4096K), 1 survivors (2048K)
 Metaspace       used 24429K, committed 24640K, reserved 1114112K
  class space    used 2476K, committed 2560K, reserved 1048576K
}
Event: 5.973 GC heap after
{Heap after GC invocations=5 (full 2):
 garbage-first heap   total 34816K, used 12847K [0x0000000700000000, 0x0000000800000000)
  region size 2048K, 1 young (2048K), 1 survivors (2048K)
 Metaspace       used 24429K, committed 24640K, reserved 1114112K
  class space    used 2476K, committed 2560K, reserved 1048576K
}
Event: 5.978 GC heap before
{Heap before GC invocations=5 (full 2):
 garbage-first heap   total 34816K, used 16943K [0x0000000700000000, 0x0000000800000000)
  region size 2048K, 1 young (2048K), 1 survivors (2048K)
 Metaspace       used 24430K, committed 24640K, reserved 1114112K
  class space    used 2476K, committed 2560K, reserved 1048576K
}
Event: 5.979 GC heap after
{Heap after GC invocations=6 (full 2):
 garbage-first heap   total 149504K, used 14879K [0x0000000700000000, 0x0000000800000000)
  region size 2048K, 1 young (2048K), 1 survivors (2048K)
 Metaspace       used 24430K, committed 24640K, reserved 1114112K
  class space    used 2476K, committed 2560K, reserved 1048576K
}
Event: 6.106 GC heap before
{Heap before GC invocations=6 (full 2):
 garbage-first heap   total 149504K, used 64031K [0x0000000700000000, 0x0000000800000000)
  region size 2048K, 4 young (8192K), 1 survivors (2048K)
 Metaspace       used 24793K, committed 25024K, reserved 1114112K
  class space    used 2505K, committed 2624K, reserved 1048576K
}
Event: 6.108 GC heap after
{Heap after GC invocations=7 (full 2):
 garbage-first heap   total 149504K, used 29585K [0x0000000700000000, 0x0000000800000000)
  region size 2048K, 1 young (2048K), 1 survivors (2048K)
 Metaspace       used 24793K, committed 25024K, reserved 1114112K
  class space    used 2505K, committed 2624K, reserved 1048576K
}
Event: 6.124 GC heap before
{Heap before GC invocations=7 (full 2):
 garbage-first heap   total 149504K, used 62353K [0x0000000700000000, 0x0000000800000000)
  region size 2048K, 2 young (4096K), 1 survivors (2048K)
 Metaspace       used 24794K, committed 25024K, reserved 1114112K
  class space    used 2505K, committed 2624K, reserved 1048576K
}
Event: 6.126 GC heap after
{Heap after GC invocations=8 (full 2):
 garbage-first heap   total 149504K, used 21456K [0x0000000700000000, 0x0000000800000000)
  region size 2048K, 1 young (2048K), 1 survivors (2048K)
 Metaspace       used 24794K, committed 25024K, reserved 1114112K
  class space    used 2505K, committed 2624K, reserved 1048576K
}

