# JRE version: OpenJDK Runtime Environment Temurin-17.0.9+9 (17.0.9+9) (build 17.0.9+9)
# Java VM: OpenJDK 64-Bit Server VM Temurin-17.0.9+9 (17.0.9+9, mixed mode, tiered, compressed oops, compressed class ptrs, g1 gc, bsd-amd64)
GC Precious Log:
 CPUs: 10 total, 10 available
 Memory: 16384M
 Large Page Support: Disabled
 NUMA Support: Disabled
 Compressed Oops: Enabled (Zero based)
 Heap Region Size: 2M
 Heap Min Capacity: 8M
 Heap Initial Capacity: 256M
 Heap Max Capacity: 4G
 Pre-touch: Disabled
 Parallel Workers: 9
 Concurrent Workers: 2
 Concurrent Refinement Workers: 9
 Periodic GC: Disabled
Heap:
 garbage-first heap   total 49152K, used 12285K [0x0000000700000000, 0x0000000800000000)
  region size 2048K, 1 young (2048K), 0 survivors (0K)
 Metaspace       used 26402K, committed 26624K, reserved 1114112K
  class space    used 2611K, committed 2752K, reserved 1048576K
GC Heap History (20 events):
Event: 2.488 GC heap before
{Heap before GC invocations=0 (full 0):
 garbage-first heap   total 262144K, used 14336K [0x0000000700000000, 0x0000000800000000)
  region size 2048K, 7 young (14336K), 0 survivors (0K)
 Metaspace       used 18436K, committed 18624K, reserved 1114112K
  class space    used 2014K, committed 2112K, reserved 1048576K
}
Event: 2.509 GC heap after
{Heap after GC invocations=1 (full 1):
 garbage-first heap   total 49152K, used 5838K [0x0000000700000000, 0x0000000800000000)
  region size 2048K, 0 young (0K), 0 survivors (0K)
 Metaspace       used 18434K, committed 18624K, reserved 1114112K
  class space    used 2014K, committed 2112K, reserved 1048576K
}
Event: 2.516 GC heap before
{Heap before GC invocations=1 (full 1):
 garbage-first heap   total 49152K, used 5838K [0x0000000700000000, 0x0000000800000000)
  region size 2048K, 1 young (2048K), 0 survivors (0K)
 Metaspace       used 18434K, committed 18624K, reserved 1114112K
  class space    used 2014K, committed 2112K, reserved 1048576K
}
Event: 2.526 GC heap after
{Heap after GC invocations=2 (full 2):
 garbage-first heap   total 28672K, used 5839K [0x0000000700000000, 0x0000000800000000)
  region size 2048K, 0 young (0K), 0 survivors (0K)
 Metaspace       used 18434K, committed 18624K, reserved 1114112K
  class space    used 2014K, committed 2112K, reserved 1048576K
}
Event: 2.854 GC heap before
{Heap before GC invocations=2 (full 2):
 garbage-first heap   total 28672K, used 11983K [0x0000000700000000, 0x0000000800000000)
  region size 2048K, 3 young (6144K), 0 survivors (0K)
 Metaspace       used 21645K, committed 21760K, reserved 1114112K
  class space    used 2244K, committed 2304K, reserved 1048576K
}
Event: 2.859 GC heap after
{Heap after GC invocations=3 (full 2):
 garbage-first heap   total 28672K, used 8058K [0x0000000700000000, 0x0000000800000000)
  region size 2048K, 1 young (2048K), 1 survivors (2048K)
 Metaspace       used 21645K, committed 21760K, reserved 1114112K
  class space    used 2244K, committed 2304K, reserved 1048576K
}
Event: 2.969 GC heap before
{Heap before GC invocations=3 (full 2):
 garbage-first heap   total 28672K, used 10106K [0x0000000700000000, 0x0000000800000000)
  region size 2048K, 2 young (4096K), 1 survivors (2048K)
 Metaspace       used 22521K, committed 22656K, reserved 1114112K
  class space    used 2308K, committed 2368K, reserved 1048576K
}
Event: 2.972 GC heap after
{Heap after GC invocations=4 (full 2):
 garbage-first heap   total 28672K, used 8391K [0x0000000700000000, 0x0000000800000000)
  region size 2048K, 1 young (2048K), 1 survivors (2048K)
 Metaspace       used 22521K, committed 22656K, reserved 1114112K
  class space    used 2308K, committed 2368K, reserved 1048576K
}
Event: 3.040 GC heap before
{Heap before GC invocations=4 (full 2):
 garbage-first heap   total 28672K, used 10439K [0x0000000700000000, 0x0000000800000000)
  region size 2048K, 2 young (4096K), 1 survivors (2048K)
 Metaspace       used 23304K, committed 23552K, reserved 1114112K
  class space    used 2375K, committed 2496K, reserved 1048576K
}
Event: 3.042 GC heap after
{Heap after GC invocations=5 (full 2):
 garbage-first heap   total 28672K, used 8361K [0x0000000700000000, 0x0000000800000000)
  region size 2048K, 1 young (2048K), 1 survivors (2048K)
 Metaspace       used 23304K, committed 23552K, reserved 1114112K
  class space    used 2375K, committed 2496K, reserved 1048576K
}
Event: 3.263 GC heap before
{Heap before GC invocations=5 (full 2):
 garbage-first heap   total 28672K, used 10409K [0x0000000700000000, 0x0000000800000000)
  region size 2048K, 3 young (6144K), 1 survivors (2048K)
 Metaspace       used 24706K, committed 24896K, reserved 1114112K
  class space    used 2510K, committed 2624K, reserved 1048576K
}
Event: 3.265 GC heap after
{Heap after GC invocations=6 (full 2):
 garbage-first heap   total 145408K, used 8787K [0x0000000700000000, 0x0000000800000000)
  region size 2048K, 1 young (2048K), 1 survivors (2048K)
 Metaspace       used 24706K, committed 24896K, reserved 1114112K
  class space    used 2510K, committed 2624K, reserved 1048576K
}
Event: 3.402 GC heap before
{Heap before GC invocations=6 (full 2):
 garbage-first heap   total 145408K, used 64083K [0x0000000700000000, 0x0000000800000000)
  region size 2048K, 5 young (10240K), 1 survivors (2048K)
 Metaspace       used 25044K, committed 25280K, reserved 1114112K
  class space    used 2539K, committed 2688K, reserved 1048576K
}
Event: 3.404 GC heap after
{Heap after GC invocations=7 (full 2):
 garbage-first heap   total 145408K, used 27561K [0x0000000700000000, 0x0000000800000000)
  region size 2048K, 1 young (2048K), 1 survivors (2048K)
 Metaspace       used 25044K, committed 25280K, reserved 1114112K
  class space    used 2539K, committed 2688K, reserved 1048576K
}
Event: 3.426 GC heap before
{Heap before GC invocations=7 (full 2):
 garbage-first heap   total 145408K, used 60329K [0x0000000700000000, 0x0000000800000000)
  region size 2048K, 2 young (4096K), 1 survivors (2048K)
 Metaspace       used 25044K, committed 25280K, reserved 1114112K
  class space    used 2539K, committed 2688K, reserved 1048576K
}
Event: 3.428 GC heap after
{Heap after GC invocations=8 (full 2):
 garbage-first heap   total 145408K, used 19388K [0x0000000700000000, 0x0000000800000000)
  region size 2048K, 1 young (2048K), 1 survivors (2048K)
 Metaspace       used 25044K, committed 25280K, reserved 1114112K
  class space    used 2539K, committed 2688K, reserved 1048576K
}
Event: 9.301 GC heap before
{Heap before GC invocations=8 (full 2):
 garbage-first heap   total 145408K, used 62396K [0x0000000700000000, 0x0000000800000000)
  region size 2048K, 9 young (18432K), 1 survivors (2048K)
 Metaspace       used 26401K, committed 26624K, reserved 1114112K
  class space    used 2611K, committed 2752K, reserved 1048576K
}
Event: 9.330 GC heap after
{Heap after GC invocations=9 (full 3):
 garbage-first heap   total 55296K, used 12285K [0x0000000700000000, 0x0000000800000000)
  region size 2048K, 0 young (0K), 0 survivors (0K)
 Metaspace       used 26401K, committed 26624K, reserved 1114112K
  class space    used 2611K, committed 2752K, reserved 1048576K
}
Event: 9.331 GC heap before
{Heap before GC invocations=9 (full 3):
 garbage-first heap   total 55296K, used 12285K [0x0000000700000000, 0x0000000800000000)
  region size 2048K, 1 young (2048K), 0 survivors (0K)
 Metaspace       used 26401K, committed 26624K, reserved 1114112K
  class space    used 2611K, committed 2752K, reserved 1048576K
}
Event: 9.340 GC heap after
{Heap after GC invocations=10 (full 4):
 garbage-first heap   total 49152K, used 12285K [0x0000000700000000, 0x0000000800000000)
  region size 2048K, 0 young (0K), 0 survivors (0K)
 Metaspace       used 26401K, committed 26624K, reserved 1114112K
  class space    used 2611K, committed 2752K, reserved 1048576K
}

