# JRE version: OpenJDK Runtime Environment Temurin-17.0.9+9 (17.0.9+9) (build 17.0.9+9)
# Java VM: OpenJDK 64-Bit Server VM Temurin-17.0.9+9 (17.0.9+9, mixed mode, tiered, compressed oops, compressed class ptrs, g1 gc, bsd-amd64)
GC Precious Log:
 CPUs: 8 total, 8 available
 Memory: 16384M
 Large Page Support: Disabled
 NUMA Support: Disabled
 Compressed Oops: Enabled (Zero based)
 Heap Region Size: 2M
 Heap Min Capacity: 8M
 Heap Initial Capacity: 256M
 Heap Max Capacity: 4G
 Pre-touch: Disabled
 Parallel Workers: 8
 Concurrent Workers: 2
 Concurrent Refinement Workers: 8
 Periodic GC: Disabled
Heap:
 garbage-first heap   total 149504K, used 66641K [0x0000000700000000, 0x0000000800000000)
  region size 2048K, 10 young (20480K), 1 survivors (2048K)
 Metaspace       used 25816K, committed 26048K, reserved 1114112K
  class space    used 2560K, committed 2688K, reserved 1048576K
GC Heap History (16 events):
Event: 2.861 GC heap before
{Heap before GC invocations=0 (full 0):
 garbage-first heap   total 262144K, used 14336K [0x0000000700000000, 0x0000000800000000)
  region size 2048K, 8 young (16384K), 0 survivors (0K)
 Metaspace       used 18280K, committed 18432K, reserved 1114112K
  class space    used 1985K, committed 2048K, reserved 1048576K
}
Event: 2.880 GC heap after
{Heap after GC invocations=1 (full 1):
 garbage-first heap   total 49152K, used 6631K [0x0000000700000000, 0x0000000800000000)
  region size 2048K, 0 young (0K), 0 survivors (0K)
 Metaspace       used 18278K, committed 18432K, reserved 1114112K
  class space    used 1984K, committed 2048K, reserved 1048576K
}
Event: 2.882 GC heap before
{Heap before GC invocations=1 (full 1):
 garbage-first heap   total 49152K, used 6631K [0x0000000700000000, 0x0000000800000000)
  region size 2048K, 1 young (2048K), 0 survivors (0K)
 Metaspace       used 18278K, committed 18432K, reserved 1114112K
  class space    used 1984K, committed 2048K, reserved 1048576K
}
Event: 2.890 GC heap after
{Heap after GC invocations=2 (full 2):
 garbage-first heap   total 34816K, used 6632K [0x0000000700000000, 0x0000000800000000)
  region size 2048K, 0 young (0K), 0 survivors (0K)
 Metaspace       used 18278K, committed 18432K, reserved 1114112K
  class space    used 1984K, committed 2048K, reserved 1048576K
}
Event: 3.247 GC heap before
{Heap before GC invocations=2 (full 2):
 garbage-first heap   total 34816K, used 12776K [0x0000000700000000, 0x0000000800000000)
  region size 2048K, 4 young (8192K), 0 survivors (0K)
 Metaspace       used 22456K, committed 22656K, reserved 1114112K
  class space    used 2299K, committed 2368K, reserved 1048576K
}
Event: 3.252 GC heap after
{Heap after GC invocations=3 (full 2):
 garbage-first heap   total 34816K, used 8578K [0x0000000700000000, 0x0000000800000000)
  region size 2048K, 1 young (2048K), 1 survivors (2048K)
 Metaspace       used 22456K, committed 22656K, reserved 1114112K
  class space    used 2299K, committed 2368K, reserved 1048576K
}
Event: 3.527 GC heap before
{Heap before GC invocations=3 (full 2):
 garbage-first heap   total 34816K, used 12674K [0x0000000700000000, 0x0000000800000000)
  region size 2048K, 4 young (8192K), 1 survivors (2048K)
 Metaspace       used 24294K, committed 24512K, reserved 1114112K
  class space    used 2475K, committed 2560K, reserved 1048576K
}
Event: 3.536 GC heap after
{Heap after GC invocations=4 (full 2):
 garbage-first heap   total 34816K, used 9534K [0x0000000700000000, 0x0000000800000000)
  region size 2048K, 1 young (2048K), 1 survivors (2048K)
 Metaspace       used 24294K, committed 24512K, reserved 1114112K
  class space    used 2475K, committed 2560K, reserved 1048576K
}
Event: 3.540 GC heap before
{Heap before GC invocations=4 (full 2):
 garbage-first heap   total 34816K, used 11582K [0x0000000700000000, 0x0000000800000000)
  region size 2048K, 2 young (4096K), 1 survivors (2048K)
 Metaspace       used 24296K, committed 24512K, reserved 1114112K
  class space    used 2475K, committed 2560K, reserved 1048576K
}
Event: 3.540 GC heap after
{Heap after GC invocations=5 (full 2):
 garbage-first heap   total 34816K, used 10986K [0x0000000700000000, 0x0000000800000000)
  region size 2048K, 1 young (2048K), 1 survivors (2048K)
 Metaspace       used 24296K, committed 24512K, reserved 1114112K
  class space    used 2475K, committed 2560K, reserved 1048576K
}
Event: 3.543 GC heap before
{Heap before GC invocations=5 (full 2):
 garbage-first heap   total 34816K, used 15082K [0x0000000700000000, 0x0000000800000000)
  region size 2048K, 1 young (2048K), 1 survivors (2048K)
 Metaspace       used 24297K, committed 24512K, reserved 1114112K
  class space    used 2475K, committed 2560K, reserved 1048576K
}
Event: 3.546 GC heap after
{Heap after GC invocations=6 (full 2):
 garbage-first heap   total 149504K, used 13001K [0x0000000700000000, 0x0000000800000000)
  region size 2048K, 1 young (2048K), 1 survivors (2048K)
 Metaspace       used 24297K, committed 24512K, reserved 1114112K
  class space    used 2475K, committed 2560K, reserved 1048576K
}
Event: 3.678 GC heap before
{Heap before GC invocations=6 (full 2):
 garbage-first heap   total 149504K, used 62153K [0x0000000700000000, 0x0000000800000000)
  region size 2048K, 4 young (8192K), 1 survivors (2048K)
 Metaspace       used 24668K, committed 24896K, reserved 1114112K
  class space    used 2503K, committed 2624K, reserved 1048576K
}
Event: 3.681 GC heap after
{Heap after GC invocations=7 (full 2):
 garbage-first heap   total 149504K, used 27718K [0x0000000700000000, 0x0000000800000000)
  region size 2048K, 1 young (2048K), 1 survivors (2048K)
 Metaspace       used 24668K, committed 24896K, reserved 1114112K
  class space    used 2503K, committed 2624K, reserved 1048576K
}
Event: 3.700 GC heap before
{Heap before GC invocations=7 (full 2):
 garbage-first heap   total 149504K, used 60486K [0x0000000700000000, 0x0000000800000000)
  region size 2048K, 2 young (4096K), 1 survivors (2048K)
 Metaspace       used 24668K, committed 24896K, reserved 1114112K
  class space    used 2503K, committed 2624K, reserved 1048576K
}
Event: 3.701 GC heap after
{Heap after GC invocations=8 (full 2):
 garbage-first heap   total 149504K, used 19537K [0x0000000700000000, 0x0000000800000000)
  region size 2048K, 1 young (2048K), 1 survivors (2048K)
 Metaspace       used 24668K, committed 24896K, reserved 1114112K
  class space    used 2503K, committed 2624K, reserved 1048576K
}

