# JRE version: OpenJDK Runtime Environment Temurin-17.0.9+9 (17.0.9+9) (build 17.0.9+9)
# Java VM: OpenJDK 64-Bit Server VM Temurin-17.0.9+9 (17.0.9+9, mixed mode, tiered, compressed oops, compressed class ptrs, g1 gc, bsd-amd64)
GC Precious Log:
 CPUs: 10 total, 10 available
 Memory: 16384M
 Large Page Support: Disabled
 NUMA Support: Disabled
 Compressed Oops: Enabled (Zero based)
 Heap Region Size: 2M
 Heap Min Capacity: 8M
 Heap Initial Capacity: 256M
 Heap Max Capacity: 4G
 Pre-touch: Disabled
 Parallel Workers: 9
 Concurrent Workers: 2
 Concurrent Refinement Workers: 9
 Periodic GC: Disabled
Heap:
 garbage-first heap   total 145408K, used 67991K [0x0000000700000000, 0x0000000800000000)
  region size 2048K, 11 young (22528K), 1 survivors (2048K)
 Metaspace       used 26119K, committed 26304K, reserved 1114112K
  class space    used 2590K, committed 2688K, reserved 1048576K
GC Heap History (18 events):
Event: 2.122 GC heap before
{Heap before GC invocations=0 (full 0):
 garbage-first heap   total 262144K, used 14336K [0x0000000700000000, 0x0000000800000000)
  region size 2048K, 7 young (14336K), 0 survivors (0K)
 Metaspace       used 18405K, committed 18560K, reserved 1114112K
  class space    used 2013K, committed 2112K, reserved 1048576K
}
Event: 2.140 GC heap after
{Heap after GC invocations=1 (full 1):
 garbage-first heap   total 49152K, used 5836K [0x0000000700000000, 0x0000000800000000)
  region size 2048K, 0 young (0K), 0 survivors (0K)
 Metaspace       used 18403K, committed 18560K, reserved 1114112K
  class space    used 2012K, committed 2112K, reserved 1048576K
}
Event: 2.142 GC heap before
{Heap before GC invocations=1 (full 1):
 garbage-first heap   total 49152K, used 5836K [0x0000000700000000, 0x0000000800000000)
  region size 2048K, 1 young (2048K), 0 survivors (0K)
 Metaspace       used 18403K, committed 18560K, reserved 1114112K
  class space    used 2013K, committed 2112K, reserved 1048576K
}
Event: 2.148 GC heap after
{Heap after GC invocations=2 (full 2):
 garbage-first heap   total 28672K, used 5836K [0x0000000700000000, 0x0000000800000000)
  region size 2048K, 0 young (0K), 0 survivors (0K)
 Metaspace       used 18403K, committed 18560K, reserved 1114112K
  class space    used 2013K, committed 2112K, reserved 1048576K
}
Event: 2.467 GC heap before
{Heap before GC invocations=2 (full 2):
 garbage-first heap   total 28672K, used 9932K [0x0000000700000000, 0x0000000800000000)
  region size 2048K, 3 young (6144K), 0 survivors (0K)
 Metaspace       used 21818K, committed 22016K, reserved 1114112K
  class space    used 2259K, committed 2368K, reserved 1048576K
}
Event: 2.470 GC heap after
{Heap after GC invocations=3 (full 2):
 garbage-first heap   total 28672K, used 7732K [0x0000000700000000, 0x0000000800000000)
  region size 2048K, 1 young (2048K), 1 survivors (2048K)
 Metaspace       used 21818K, committed 22016K, reserved 1114112K
  class space    used 2259K, committed 2368K, reserved 1048576K
}
Event: 2.665 GC heap before
{Heap before GC invocations=3 (full 2):
 garbage-first heap   total 28672K, used 11828K [0x0000000700000000, 0x0000000800000000)
  region size 2048K, 3 young (6144K), 1 survivors (2048K)
 Metaspace       used 23403K, committed 23616K, reserved 1114112K
  class space    used 2396K, committed 2496K, reserved 1048576K
}
Event: 2.670 GC heap after
{Heap after GC invocations=4 (full 2):
 garbage-first heap   total 28672K, used 8069K [0x0000000700000000, 0x0000000800000000)
  region size 2048K, 1 young (2048K), 1 survivors (2048K)
 Metaspace       used 23403K, committed 23616K, reserved 1114112K
  class space    used 2396K, committed 2496K, reserved 1048576K
}
Event: 2.772 GC heap before
{Heap before GC invocations=4 (full 2):
 garbage-first heap   total 28672K, used 10117K [0x0000000700000000, 0x0000000800000000)
  region size 2048K, 3 young (6144K), 1 survivors (2048K)
 Metaspace       used 24520K, committed 24768K, reserved 1114112K
  class space    used 2509K, committed 2624K, reserved 1048576K
}
Event: 2.774 GC heap after
{Heap after GC invocations=5 (full 2):
 garbage-first heap   total 28672K, used 8657K [0x0000000700000000, 0x0000000800000000)
  region size 2048K, 1 young (2048K), 1 survivors (2048K)
 Metaspace       used 24520K, committed 24768K, reserved 1114112K
  class space    used 2509K, committed 2624K, reserved 1048576K
}
Event: 2.777 GC heap before
{Heap before GC invocations=5 (full 2):
 garbage-first heap   total 28672K, used 10705K [0x0000000700000000, 0x0000000800000000)
  region size 2048K, 2 young (4096K), 1 survivors (2048K)
 Metaspace       used 24521K, committed 24768K, reserved 1114112K
  class space    used 2509K, committed 2624K, reserved 1048576K
}
Event: 2.778 GC heap after
{Heap after GC invocations=6 (full 2):
 garbage-first heap   total 28672K, used 10254K [0x0000000700000000, 0x0000000800000000)
  region size 2048K, 1 young (2048K), 1 survivors (2048K)
 Metaspace       used 24521K, committed 24768K, reserved 1114112K
  class space    used 2509K, committed 2624K, reserved 1048576K
}
Event: 2.781 GC heap before
{Heap before GC invocations=6 (full 2):
 garbage-first heap   total 28672K, used 14350K [0x0000000700000000, 0x0000000800000000)
  region size 2048K, 1 young (2048K), 1 survivors (2048K)
 Metaspace       used 24522K, committed 24768K, reserved 1114112K
  class space    used 2509K, committed 2624K, reserved 1048576K
}
Event: 2.782 GC heap after
{Heap after GC invocations=7 (full 2):
 garbage-first heap   total 145408K, used 12271K [0x0000000700000000, 0x0000000800000000)
  region size 2048K, 1 young (2048K), 1 survivors (2048K)
 Metaspace       used 24522K, committed 24768K, reserved 1114112K
  class space    used 2509K, committed 2624K, reserved 1048576K
}
Event: 2.909 GC heap before
{Heap before GC invocations=7 (full 2):
 garbage-first heap   total 145408K, used 61423K [0x0000000700000000, 0x0000000800000000)
  region size 2048K, 4 young (8192K), 1 survivors (2048K)
 Metaspace       used 24896K, committed 25088K, reserved 1114112K
  class space    used 2537K, committed 2624K, reserved 1048576K
}
Event: 2.910 GC heap after
{Heap after GC invocations=8 (full 2):
 garbage-first heap   total 145408K, used 26984K [0x0000000700000000, 0x0000000800000000)
  region size 2048K, 1 young (2048K), 1 survivors (2048K)
 Metaspace       used 24896K, committed 25088K, reserved 1114112K
  class space    used 2537K, committed 2624K, reserved 1048576K
}
Event: 2.928 GC heap before
{Heap before GC invocations=8 (full 2):
 garbage-first heap   total 145408K, used 59752K [0x0000000700000000, 0x0000000800000000)
  region size 2048K, 2 young (4096K), 1 survivors (2048K)
 Metaspace       used 24897K, committed 25088K, reserved 1114112K
  class space    used 2537K, committed 2624K, reserved 1048576K
}
Event: 2.930 GC heap after
{Heap after GC invocations=9 (full 2):
 garbage-first heap   total 145408K, used 18839K [0x0000000700000000, 0x0000000800000000)
  region size 2048K, 1 young (2048K), 1 survivors (2048K)
 Metaspace       used 24897K, committed 25088K, reserved 1114112K
  class space    used 2537K, committed 2624K, reserved 1048576K
}

