# JRE version: OpenJDK Runtime Environment Temurin-17.0.9+9 (17.0.9+9) (build 17.0.9+9)
# Java VM: OpenJDK 64-Bit Server VM Temurin-17.0.9+9 (17.0.9+9, mixed mode, tiered, compressed oops, compressed class ptrs, g1 gc, bsd-amd64)
GC Precious Log:
 CPUs: 10 total, 10 available
 Memory: 16384M
 Large Page Support: Disabled
 NUMA Support: Disabled
 Compressed Oops: Enabled (Zero based)
 Heap Region Size: 2M
 Heap Min Capacity: 8M
 Heap Initial Capacity: 256M
 Heap Max Capacity: 4G
 Pre-touch: Disabled
 Parallel Workers: 9
 Concurrent Workers: 2
 Concurrent Refinement Workers: 9
 Periodic GC: Disabled
Heap:
 garbage-first heap   total 75776K, used 20980K [0x0000000700000000, 0x0000000800000000)
  region size 2048K, 1 young (2048K), 0 survivors (0K)
 Metaspace       used 25866K, committed 26112K, reserved 1114112K
  class space    used 2588K, committed 2688K, reserved 1048576K
GC Heap History (20 events):
Event: 1.875 GC heap before
{Heap before GC invocations=1 (full 1):
 garbage-first heap   total 49152K, used 5709K [0x0000000700000000, 0x0000000800000000)
  region size 2048K, 1 young (2048K), 0 survivors (0K)
 Metaspace       used 18490K, committed 18688K, reserved 1114112K
  class space    used 2018K, committed 2112K, reserved 1048576K
}
Event: 1.881 GC heap after
{Heap after GC invocations=2 (full 2):
 garbage-first heap   total 20480K, used 5709K [0x0000000700000000, 0x0000000800000000)
  region size 2048K, 0 young (0K), 0 survivors (0K)
 Metaspace       used 18490K, committed 18688K, reserved 1114112K
  class space    used 2018K, committed 2112K, reserved 1048576K
}
Event: 2.086 GC heap before
{Heap before GC invocations=2 (full 2):
 garbage-first heap   total 20480K, used 9805K [0x0000000700000000, 0x0000000800000000)
  region size 2048K, 2 young (4096K), 0 survivors (0K)
 Metaspace       used 20818K, committed 21056K, reserved 1114112K
  class space    used 2232K, committed 2304K, reserved 1048576K
}
Event: 2.090 GC heap after
{Heap after GC invocations=3 (full 2):
 garbage-first heap   total 20480K, used 7368K [0x0000000700000000, 0x0000000800000000)
  region size 2048K, 1 young (2048K), 1 survivors (2048K)
 Metaspace       used 20818K, committed 21056K, reserved 1114112K
  class space    used 2232K, committed 2304K, reserved 1048576K
}
Event: 2.180 GC heap before
{Heap before GC invocations=3 (full 2):
 garbage-first heap   total 20480K, used 7368K [0x0000000700000000, 0x0000000800000000)
  region size 2048K, 2 young (4096K), 1 survivors (2048K)
 Metaspace       used 21966K, committed 22144K, reserved 1114112K
  class space    used 2266K, committed 2368K, reserved 1048576K
}
Event: 2.182 GC heap after
{Heap after GC invocations=4 (full 2):
 garbage-first heap   total 20480K, used 7584K [0x0000000700000000, 0x0000000800000000)
  region size 2048K, 1 young (2048K), 1 survivors (2048K)
 Metaspace       used 21966K, committed 22144K, reserved 1114112K
  class space    used 2266K, committed 2368K, reserved 1048576K
}
Event: 2.239 GC heap before
{Heap before GC invocations=4 (full 2):
 garbage-first heap   total 20480K, used 9632K [0x0000000700000000, 0x0000000800000000)
  region size 2048K, 2 young (4096K), 1 survivors (2048K)
 Metaspace       used 22793K, committed 23040K, reserved 1114112K
  class space    used 2344K, committed 2496K, reserved 1048576K
}
Event: 2.240 GC heap after
{Heap after GC invocations=5 (full 2):
 garbage-first heap   total 20480K, used 7552K [0x0000000700000000, 0x0000000800000000)
  region size 2048K, 1 young (2048K), 1 survivors (2048K)
 Metaspace       used 22793K, committed 23040K, reserved 1114112K
  class space    used 2344K, committed 2496K, reserved 1048576K
}
Event: 2.369 GC heap before
{Heap before GC invocations=5 (full 2):
 garbage-first heap   total 20480K, used 9600K [0x0000000700000000, 0x0000000800000000)
  region size 2048K, 2 young (4096K), 1 survivors (2048K)
 Metaspace       used 23463K, committed 23680K, reserved 1114112K
  class space    used 2406K, committed 2560K, reserved 1048576K
}
Event: 2.371 GC heap after
{Heap after GC invocations=6 (full 2):
 garbage-first heap   total 141312K, used 7750K [0x0000000700000000, 0x0000000800000000)
  region size 2048K, 1 young (2048K), 1 survivors (2048K)
 Metaspace       used 23463K, committed 23680K, reserved 1114112K
  class space    used 2406K, committed 2560K, reserved 1048576K
}
Event: 2.939 GC heap before
{Heap before GC invocations=6 (full 2):
 garbage-first heap   total 141312K, used 110150K [0x0000000700000000, 0x0000000800000000)
  region size 2048K, 35 young (71680K), 1 survivors (2048K)
 Metaspace       used 25159K, committed 25344K, reserved 1114112K
  class space    used 2554K, committed 2624K, reserved 1048576K
}
Event: 2.942 GC heap after
{Heap after GC invocations=7 (full 2):
 garbage-first heap   total 141312K, used 13908K [0x0000000700000000, 0x0000000800000000)
  region size 2048K, 2 young (4096K), 2 survivors (4096K)
 Metaspace       used 25159K, committed 25344K, reserved 1114112K
  class space    used 2554K, committed 2624K, reserved 1048576K
}
Event: 3.915 GC heap before
{Heap before GC invocations=7 (full 2):
 garbage-first heap   total 141312K, used 93780K [0x0000000700000000, 0x0000000800000000)
  region size 2048K, 41 young (83968K), 2 survivors (4096K)
 Metaspace       used 25384K, committed 25600K, reserved 1114112K
  class space    used 2569K, committed 2688K, reserved 1048576K
}
Event: 3.923 GC heap after
{Heap after GC invocations=8 (full 2):
 garbage-first heap   total 141312K, used 21877K [0x0000000700000000, 0x0000000800000000)
  region size 2048K, 6 young (12288K), 6 survivors (12288K)
 Metaspace       used 25384K, committed 25600K, reserved 1114112K
  class space    used 2569K, committed 2688K, reserved 1048576K
}
Event: 4.242 GC heap before
{Heap before GC invocations=8 (full 2):
 garbage-first heap   total 141312K, used 111989K [0x0000000700000000, 0x0000000800000000)
  region size 2048K, 26 young (53248K), 6 survivors (12288K)
 Metaspace       used 25510K, committed 25792K, reserved 1114112K
  class space    used 2577K, committed 2688K, reserved 1048576K
}
Event: 4.249 GC heap after
{Heap after GC invocations=9 (full 2):
 garbage-first heap   total 141312K, used 21414K [0x0000000700000000, 0x0000000800000000)
  region size 2048K, 1 young (2048K), 1 survivors (2048K)
 Metaspace       used 25510K, committed 25792K, reserved 1114112K
  class space    used 2577K, committed 2688K, reserved 1048576K
}
Event: 5.492 GC heap before
{Heap before GC invocations=9 (full 2):
 garbage-first heap   total 141312K, used 82854K [0x0000000700000000, 0x0000000800000000)
  region size 2048K, 18 young (36864K), 1 survivors (2048K)
 Metaspace       used 25861K, committed 26112K, reserved 1114112K
  class space    used 2588K, committed 2688K, reserved 1048576K
}
Event: 5.518 GC heap after
{Heap after GC invocations=10 (full 3):
 garbage-first heap   total 75776K, used 20980K [0x0000000700000000, 0x0000000800000000)
  region size 2048K, 0 young (0K), 0 survivors (0K)
 Metaspace       used 25861K, committed 26112K, reserved 1114112K
  class space    used 2588K, committed 2688K, reserved 1048576K
}
Event: 5.519 GC heap before
{Heap before GC invocations=10 (full 3):
 garbage-first heap   total 75776K, used 20980K [0x0000000700000000, 0x0000000800000000)
  region size 2048K, 0 young (0K), 0 survivors (0K)
 Metaspace       used 25861K, committed 26112K, reserved 1114112K
  class space    used 2588K, committed 2688K, reserved 1048576K
}
Event: 5.531 GC heap after
{Heap after GC invocations=11 (full 4):
 garbage-first heap   total 75776K, used 20980K [0x0000000700000000, 0x0000000800000000)
  region size 2048K, 0 young (0K), 0 survivors (0K)
 Metaspace       used 25861K, committed 26112K, reserved 1114112K
  class space    used 2588K, committed 2688K, reserved 1048576K
}

